<?xml version="1.0" encoding="UTF-8"?>
<!-- Generated by org.testng.reporters.JUnitReportReporter -->
<testsuite skipped="0" hostname="DESKTOP-RVG9CG3" name="mkm.formtest.AgendarFormTest" tests="1" failures="0" timestamp="05 sep 2019 15:58:08 GMT" time="4.217" errors="0">
  <testcase name="inicioAgendar" time="4.217" classname="mkm.formtest.AgendarFormTest"/>
</testsuite> <!-- mkm.formtest.AgendarFormTest -->
